10005
10005
10004
10007
10005
10006
10005
10004
10005
10008
10006
10006
10008
10008
10008
10011
10008
10009
10010
10010
10010
10009
10011
10008
10010
10013
10012
10011
10010
10008
10009
10011
10011
10010
10009
10009
10011
10010
10008
10007
10008
10007
10008
10006
10008
10008
10009
10006
10009
10008
10007
10009
10008
10010
10012
10007
10008
10008
10007
10009
10008
10008
10007
10008
10007
10008
10008
10007
10007
10007
10008
10007
10008
10008
10008
10007
10007
10008
10007
10006
10009
10009
10008
10006
10005
10005
10010
10009
10009
10008
10008
10011
10012
10008
10009
10011
10010
10010
10010
10008
10009
10009
10009
10010
10010
10009
10009
10008
10007
10007
10008
10011
10009
10011
10013
10011
10010
10009
10007
10007
10007
10008
10008
10008
10008
10007
10007
10010
10006
10007
10008
10007
10009
10009
10006
10007
10007
10006
10008
10008
10007
10006
10007
10009
10007
10006
10006
10004
10006
10006
10007
10006
10007
10009
10009
10007
10008
10009
10006
10006
10008
10008
10006
10007
10005
10005
10006
10009
10008
10009
10009
10010
10010
10009
10008
10009
10007
10009
10008
10009
10007
10007
10005
10005
10005
10006
10007
10009
10009
10007
10008
10007
10007
10005
10006
10006
10005
10007
10007
10007
10007
10008
10008
10008
10010
10009
10009
10009
10009
10009
10009
10008
10008
10008
10008
10009
10010
10009
10008
10008
10011
10012
10009
10007
10009
10014
10013
10011
10010
10011
10013
10012
10011
10014
10012
10010
10010
10012
10011
10010
10009
10011
10008
10008
10009
10010
10009
10009
10009
10009
10010
10008
10007
10004
10007
10003
10001
10005
10006
10007
10007
10005
10005
10007
10008
10007
10005
10006
10007
10005
10005
10003
10002
10004
10003
10001
10004
10005
10003
10003
10003
10005
10004
10004
10005
10003
10004
10003
10004
10001
10002
10002
10002
10000
9999
10001
10004
10003
10004
10004
10004
10005
10005
10008
10006
10006
10006
10006
10007
10006
10007
10007
10008
10007
10005
10006
10008
10007
10007
10007
10008
10006
10008
10007
10007
10005
10007
10007
10006
10006
10004
10005
10005
10005
10007
10006
10006
10007
10003
10005
10007
10004
10006
10007
10008
10006
10005
10005
10005
10004
10001
10003
10006
10001
10003
10005
10005
10006
10005
10005
10005
10005
10003
10005
10006
10006
10005
10004
10004
10005
10006
10003
10002
10003
10003
10003
10004
10005
10002
10002
10003
10003
10004
10004
10005
10002
10004
10005
10005
10008
10006
10006
10003
10005
10007
10006
10003
10006
10007
10004
10007
10007
10006
10004
10005
10006
10004
10005
10004
10001
10004
10005
10005
10006
10007
10007
10009
10009
10007
10008
10007
10008
10009
10009
10010
10009
10006
10007
10006
10009
10009
10011
10009
10008
10008
10008
10008
10010
10013
10010
10008
10009
10009
10011
10010
10009
10010
10011
10014
10013
10011
10008
10009
10008
10009
10008
10007
10008
10010
10011
10010
10010
10010
10009
10010
10007
10007
10010
10013
10013
10010
10009
10009
10012
10010
10010
10010
10011
10008
10010
10010
10009
10010
10011
10010
10012
10010
10009
10010
10011
10011
10011
10012
10012
10016
10013
10014
10014
10013
10011
10012
10012
10009
10010
10009
10009
10010
10009
10010
10008
10007
10009
10009
10010
10012
10010
10009
10009
10010
10013
10010
10011
10008
10009
10010
10010
10010
10009
10009
10009
10012
10010
10011
10011
10010
10010
10008
10007
10011
10009
10008
10007
10006
10007
10006
10008
10007
10006
10006
10005
10005
10004
10006
10004
10004
10007
10006
10006
10007
10005
10004
10007
10006
10008
10007
10007
10007
10009
10007
10004
10005
10005
10004
10006
10006
10006
10008
10008
10009
10009
10007
10006
10009
10009
10010
10009
10009
10008
10005
10009
10009
10005
10007
10006
10006
10006
10006
10007
10006
10009
10009
10009
10007
10008
10010
10010
10009
10009
10009
10009
10011
10012
10009
10010
10010
10010
10010
10008
10008
10009
10008
10007
10009
10010
10010
10011
10009
10009
10009
10007
10010
10008
10007
10008
10009
10010
10011
10012
10012
10013
10011
10010
10011
10012
10013
10012
10013
10010
10009
10009
10009
10009
10009
10009
10008
10008
10009
10009
10008
10009
10007
10011
10010
10011
10011
10012
10011
10014
10014
10013
10015
10014
10014
10011
10010
10007
10006
10005
10005
10005
10006
10006
10007
10007
10007
10006
10008
10007
10009
10011
10011
10010
10007
10008
10007
10006
10008
10006
10006
10007
10006
10007
10005
10005
10005
10004
10003
10003
10004
10004
10004
10006
10007
10006
10006
10005
10007
10005
10004
10006
10006
10008
10008
10008
10008
10007
10005
10005
10007
10005
10008
10005
10007
10005
10006
10008
10006
10006
10007
10006
10007
10007
10007
10008
10008
10006
10007
10008
10008
10005
10007
10007
10008
10007
10009
10007
10006
10005
10006
10006
10007
10006
10006
10003
10006
10006
10007
10007
10009
10007
10008
10009
10011
10007
10010
10010
10007
10008
10009
10009
10006
10008
10008
10007
10005
10007
10005
10006
10008
10008
10009
10007
10006
10007
10008
10007
10007
10006
10008
10009
