481.000000
519.000000
483.000000
519.000000
482.000000
520.000000
480.000000
520.000000
481.000000
520.000000
481.000000
521.000000
481.000000
519.000000
482.000000
519.000000
481.000000
520.000000
481.000000
520.000000
482.000000
520.000000
481.000000
520.000000
481.000000
519.000000
481.000000
520.000000
482.000000
519.000000
481.000000
519.000000
481.000000
520.000000
481.000000
520.000000
481.000000
519.000000
482.000000
520.000000
481.000000
520.000000
481.000000
519.000000
481.000000
520.000000
481.000000
520.000000
481.000000
520.000000
